SF:lib\src\open_meteo_api_client.dart
DA:24,0
DA:25,0
DA:33,0
DA:34,0
DA:37,0
DA:40,0
DA:42,0
DA:43,0
DA:46,0
DA:48,0
DA:50,0
DA:52,0
DA:54,0
DA:58,0
DA:62,0
DA:65,0
DA:66,0
DA:67,0
DA:72,0
DA:73,0
DA:74,0
DA:77,0
DA:79,0
DA:80,0
DA:83,0
DA:85,0
LF:26
LH:0
end_of_record
SF:lib\src\models\location.dart
DA:7,2
DA:14,4
LF:2
LH:2
end_of_record
SF:lib\src\models\location.g.dart
DA:11,4
DA:12,2
DA:13,2
DA:14,4
DA:15,4
DA:18,0
DA:19,0
DA:20,0
DA:21,0
DA:22,0
LF:10
LH:5
end_of_record
SF:lib\src\models\weather.dart
DA:7,1
DA:12,1
DA:13,1
LF:3
LH:3
end_of_record
SF:lib\src\models\weather.g.dart
DA:11,2
DA:12,2
DA:13,2
DA:16,0
DA:17,0
DA:18,0
LF:6
LH:3
end_of_record
